#
# There is insufficient memory for the Java Runtime Environment to continue.
# Native memory allocation (malloc) failed to allocate 1189936 bytes. Error detail: Chunk::new
# Possible reasons:
#   The system is out of physical RAM or swap space
#   This process is running with CompressedOops enabled, and the Java Heap may be blocking the growth of the native heap
# Possible solutions:
#   Reduce memory load on the system
#   Increase physical memory or swap space
#   Check if swap backing store is full
#   Decrease Java heap size (-Xmx/-Xms)
#   Decrease number of Java threads
#   Decrease Java thread stack sizes (-Xss)
#   Set larger code cache with -XX:ReservedCodeCacheSize=
#   JVM is running with Unscaled Compressed Oops mode in which the Java heap is
#     placed in the first 4GB address space. The Java Heap base address is the
#     maximum limit for the native heap growth. Please use -XX:HeapBaseMinAddress
#     to set the Java Heap base and to place the Java Heap above 4GB virtual address.
# This output file may be truncated or incomplete.
#
#  Out of Memory Error (arena.cpp:168), pid=28432, tid=50440
#
# JRE version: OpenJDK Runtime Environment Temurin-21.0.6+7 (21.0.6+7) (build 21.0.6+7-LTS)
# Java VM: OpenJDK 64-Bit Server VM Temurin-21.0.6+7 (21.0.6+7-LTS, mixed mode, sharing, tiered, compressed oops, compressed class ptrs, parallel gc, windows-amd64)
# No core dump will be written. Minidumps are not enabled by default on client versions of Windows
#

---------------  S U M M A R Y ------------

Command Line: --add-modules=ALL-SYSTEM --add-opens=java.base/java.util=ALL-UNNAMED --add-opens=java.base/java.lang=ALL-UNNAMED --add-opens=java.base/sun.nio.fs=ALL-UNNAMED -Declipse.application=org.eclipse.jdt.ls.core.id1 -Dosgi.bundles.defaultStartLevel=4 -Declipse.product=org.eclipse.jdt.ls.core.product -Djava.import.generatesMetadataFilesAtProjectRoot=false -DDetectVMInstallationsJob.disabled=true -Dfile.encoding=utf8 -XX:+UseParallelGC -XX:GCTimeRatio=4 -XX:AdaptiveSizePolicyWeight=90 -Dsun.zip.disableMemoryMapping=true -Xmx1G -Xms100m -Xlog:disable -javaagent:c:\Users\danie\.vscode\extensions\redhat.java-1.41.1-win32-x64\lombok\lombok-1.18.36.jar -XX:+HeapDumpOnOutOfMemoryError -XX:HeapDumpPath=c:\Users\danie\AppData\Roaming\Code\User\workspaceStorage\472f3b52cd0093df5d803690d1787054\redhat.java -Daether.dependencyCollector.impl=bf c:\Users\danie\.vscode\extensions\redhat.java-1.41.1-win32-x64\server\plugins\org.eclipse.equinox.launcher_1.7.0.v20250331-1702.jar -configuration c:\Users\danie\AppData\Roaming\Code\User\globalStorage\redhat.java\1.41.1\config_win -data c:\Users\danie\AppData\Roaming\Code\User\workspaceStorage\472f3b52cd0093df5d803690d1787054\redhat.java\jdt_ws --pipe=\\.\pipe\lsp-53478c0c47ab01ae84edb7ceed8c9e15-sock

Host: Intel(R) Core(TM) i7-10510U CPU @ 1.80GHz, 8 cores, 11G,  Windows 11 , 64 bit Build 26100 (10.0.26100.3775)
Time: Fri Apr 25 11:01:52 2025 Hora est. Pacífico, Sudamérica elapsed time: 128155.319994 seconds (1d 11h 35m 55s)

---------------  T H R E A D  ---------------

Current thread (0x0000020eab791f10):  JavaThread "C2 CompilerThread0" daemon [_thread_in_native, id=50440, stack(0x00000036d8600000,0x00000036d8700000) (1024K)]


Current CompileTask:
C2:128155321 15491   !   4       com.google.gson.internal.bind.ReflectiveTypeAdapterFactory$2::write (140 bytes)

Stack: [0x00000036d8600000,0x00000036d8700000]
Native frames: (J=compiled Java code, j=interpreted, Vv=VM code, C=native code)
V  [jvm.dll+0x6cdee9]
V  [jvm.dll+0x8a83d1]
V  [jvm.dll+0x8aa8fe]
V  [jvm.dll+0x8aafe3]
V  [jvm.dll+0x27f706]
V  [jvm.dll+0xc500d]
V  [jvm.dll+0xc5543]
V  [jvm.dll+0x3b6752]
V  [jvm.dll+0x382935]
V  [jvm.dll+0x381d9a]
V  [jvm.dll+0x2479f0]
V  [jvm.dll+0x246fcf]
V  [jvm.dll+0x1c75ee]
V  [jvm.dll+0x25685a]
V  [jvm.dll+0x254dfa]
V  [jvm.dll+0x3f0256]
V  [jvm.dll+0x851f8b]
V  [jvm.dll+0x6cc5ed]
C  [ucrtbase.dll+0x37b0]
C  [KERNEL32.DLL+0x2e8d7]
C  [ntdll.dll+0xb14fc]


---------------  P R O C E S S  ---------------

Threads class SMR info:
_java_thread_list=0x0000020ef76c5ef0, length=38, elements={
0x0000020e973d63b0, 0x0000020e9747e070, 0x0000020eab782f70, 0x0000020eab786980,
0x0000020eab789c00, 0x0000020eab78d110, 0x0000020eab78eb50, 0x0000020eab791f10,
0x0000020eee260060, 0x0000020eab78f1e0, 0x0000020eab78bd60, 0x0000020eab78e4c0,
0x0000020eab78c3f0, 0x0000020eab78d7a0, 0x0000020eab78ca80, 0x0000020eab78de30,
0x0000020ef37ae060, 0x0000020ef37ab900, 0x0000020ef37abf90, 0x0000020ef37afaa0,
0x0000020ef37b0130, 0x0000020ef37b07c0, 0x0000020ef37ad340, 0x0000020ef37af410,
0x0000020ef37b0e50, 0x0000020ef37ad9d0, 0x0000020ef37b2890, 0x0000020ef37b2f20,
0x0000020ef37b2200, 0x0000020ef37b1b70, 0x0000020ef37b14e0, 0x0000020ef5fc5f70,
0x0000020ef5fc6600, 0x0000020ef5fc4530, 0x0000020ef5fd0130, 0x0000020ef5fcb270,
0x0000020ef5fca550, 0x0000020ef5fce6f0
}

Java Threads: ( => current thread )
  0x0000020e973d63b0 JavaThread "main"                              [_thread_blocked, id=52060, stack(0x00000036d7c00000,0x00000036d7d00000) (1024K)]
  0x0000020e9747e070 JavaThread "Reference Handler"          daemon [_thread_blocked, id=48704, stack(0x00000036d8000000,0x00000036d8100000) (1024K)]
  0x0000020eab782f70 JavaThread "Finalizer"                  daemon [_thread_blocked, id=17972, stack(0x00000036d8100000,0x00000036d8200000) (1024K)]
  0x0000020eab786980 JavaThread "Signal Dispatcher"          daemon [_thread_blocked, id=51900, stack(0x00000036d8200000,0x00000036d8300000) (1024K)]
  0x0000020eab789c00 JavaThread "Attach Listener"            daemon [_thread_blocked, id=43976, stack(0x00000036d8300000,0x00000036d8400000) (1024K)]
  0x0000020eab78d110 JavaThread "Service Thread"             daemon [_thread_blocked, id=28960, stack(0x00000036d8400000,0x00000036d8500000) (1024K)]
  0x0000020eab78eb50 JavaThread "Monitor Deflation Thread"   daemon [_thread_blocked, id=50988, stack(0x00000036d8500000,0x00000036d8600000) (1024K)]
=>0x0000020eab791f10 JavaThread "C2 CompilerThread0"         daemon [_thread_in_native, id=50440, stack(0x00000036d8600000,0x00000036d8700000) (1024K)]
  0x0000020eee260060 JavaThread "C1 CompilerThread0"         daemon [_thread_blocked, id=6668, stack(0x00000036d8700000,0x00000036d8800000) (1024K)]
  0x0000020eab78f1e0 JavaThread "Common-Cleaner"             daemon [_thread_blocked, id=31748, stack(0x00000036d8800000,0x00000036d8900000) (1024K)]
  0x0000020eab78bd60 JavaThread "Notification Thread"        daemon [_thread_blocked, id=17736, stack(0x00000036d8900000,0x00000036d8a00000) (1024K)]
  0x0000020eab78e4c0 JavaThread "Active Thread: Equinox Container: d8147a97-4311-4266-86f6-adba5ff88825"        [_thread_blocked, id=21180, stack(0x00000036d8a00000,0x00000036d8b00000) (1024K)]
  0x0000020eab78c3f0 JavaThread "Refresh Thread: Equinox Container: d8147a97-4311-4266-86f6-adba5ff88825" daemon [_thread_blocked, id=43072, stack(0x00000036d9100000,0x00000036d9200000) (1024K)]
  0x0000020eab78d7a0 JavaThread "Framework Event Dispatcher: Equinox Container: d8147a97-4311-4266-86f6-adba5ff88825" daemon [_thread_blocked, id=10492, stack(0x00000036d9300000,0x00000036d9400000) (1024K)]
  0x0000020eab78ca80 JavaThread "Start Level: Equinox Container: d8147a97-4311-4266-86f6-adba5ff88825" daemon [_thread_blocked, id=9232, stack(0x00000036d9400000,0x00000036d9500000) (1024K)]
  0x0000020eab78de30 JavaThread "Bundle File Closer"         daemon [_thread_blocked, id=51268, stack(0x00000036d9500000,0x00000036d9600000) (1024K)]
  0x0000020ef37ae060 JavaThread "SCR Component Actor"        daemon [_thread_blocked, id=46428, stack(0x00000036d9700000,0x00000036d9800000) (1024K)]
  0x0000020ef37ab900 JavaThread "Worker-JM"                         [_thread_blocked, id=40556, stack(0x00000036d9900000,0x00000036d9a00000) (1024K)]
  0x0000020ef37abf90 JavaThread "JNA Cleaner"                daemon [_thread_blocked, id=50708, stack(0x00000036d9800000,0x00000036d9900000) (1024K)]
  0x0000020ef37afaa0 JavaThread "Worker-1"                          [_thread_blocked, id=10340, stack(0x00000036d9b00000,0x00000036d9c00000) (1024K)]
  0x0000020ef37b0130 JavaThread "Java indexing"              daemon [_thread_blocked, id=9268, stack(0x00000036d9f00000,0x00000036da000000) (1024K)]
  0x0000020ef37b07c0 JavaThread "Worker-4"                          [_thread_blocked, id=27780, stack(0x00000036da300000,0x00000036da400000) (1024K)]
  0x0000020ef37ad340 JavaThread "Thread-2"                   daemon [_thread_in_native, id=51592, stack(0x00000036da400000,0x00000036da500000) (1024K)]
  0x0000020ef37af410 JavaThread "Thread-3"                   daemon [_thread_in_native, id=46636, stack(0x00000036da500000,0x00000036da600000) (1024K)]
  0x0000020ef37b0e50 JavaThread "Thread-4"                   daemon [_thread_in_native, id=49808, stack(0x00000036da600000,0x00000036da700000) (1024K)]
  0x0000020ef37ad9d0 JavaThread "Thread-5"                   daemon [_thread_in_native, id=20936, stack(0x00000036da700000,0x00000036da800000) (1024K)]
  0x0000020ef37b2890 JavaThread "Thread-6"                   daemon [_thread_in_native, id=45212, stack(0x00000036da800000,0x00000036da900000) (1024K)]
  0x0000020ef37b2f20 JavaThread "Thread-7"                   daemon [_thread_in_native, id=28000, stack(0x00000036da900000,0x00000036daa00000) (1024K)]
  0x0000020ef37b2200 JavaThread "Thread-8"                   daemon [_thread_in_native, id=13716, stack(0x00000036daa00000,0x00000036dab00000) (1024K)]
  0x0000020ef37b1b70 JavaThread "Thread-9"                   daemon [_thread_in_native, id=50180, stack(0x00000036dab00000,0x00000036dac00000) (1024K)]
  0x0000020ef37b14e0 JavaThread "Thread-10"                  daemon [_thread_in_native, id=13292, stack(0x00000036dac00000,0x00000036dad00000) (1024K)]
  0x0000020ef5fc5f70 JavaThread "pool-2-thread-1"                   [_thread_blocked, id=4756, stack(0x00000036dad00000,0x00000036dae00000) (1024K)]
  0x0000020ef5fc6600 JavaThread "WorkspaceEventsHandler"            [_thread_blocked, id=47156, stack(0x00000036d9600000,0x00000036d9700000) (1024K)]
  0x0000020ef5fc4530 JavaThread "pool-1-thread-1"                   [_thread_blocked, id=50236, stack(0x00000036db100000,0x00000036db200000) (1024K)]
  0x0000020ef5fd0130 JavaThread "Cleaner-0"                  daemon [_thread_blocked, id=23384, stack(0x00000036dcc00000,0x00000036dcd00000) (1024K)]
  0x0000020ef5fcb270 JavaThread "ForkJoinPool.commonPool-worker-24" daemon [_thread_blocked, id=47912, stack(0x00000036d7900000,0x00000036d7a00000) (1024K)]
  0x0000020ef5fca550 JavaThread "ForkJoinPool.commonPool-worker-25" daemon [_thread_blocked, id=21692, stack(0x00000036d7a00000,0x00000036d7b00000) (1024K)]
  0x0000020ef5fce6f0 JavaThread "ForkJoinPool.commonPool-worker-26" daemon [_thread_blocked, id=47752, stack(0x00000036d7b00000,0x00000036d7c00000) (1024K)]
Total: 38

Other Threads:
  0x0000020eab773160 VMThread "VM Thread"                           [id=22008, stack(0x00000036d7f00000,0x00000036d8000000) (1024K)]
  0x0000020eab68ca00 WatcherThread "VM Periodic Task Thread"        [id=50296, stack(0x00000036d7e00000,0x00000036d7f00000) (1024K)]
  0x0000020e973ec930 WorkerThread "GC Thread#0"                     [id=43804, stack(0x00000036d7d00000,0x00000036d7e00000) (1024K)]
  0x0000020eeee0ed70 WorkerThread "GC Thread#1"                     [id=44672, stack(0x00000036d8b00000,0x00000036d8c00000) (1024K)]
  0x0000020ef3031700 WorkerThread "GC Thread#2"                     [id=27508, stack(0x00000036d8c00000,0x00000036d8d00000) (1024K)]
  0x0000020ef3031aa0 WorkerThread "GC Thread#3"                     [id=50232, stack(0x00000036d8d00000,0x00000036d8e00000) (1024K)]
  0x0000020eeecddea0 WorkerThread "GC Thread#4"                     [id=23200, stack(0x00000036d8e00000,0x00000036d8f00000) (1024K)]
  0x0000020eeecde240 WorkerThread "GC Thread#5"                     [id=41672, stack(0x00000036d8f00000,0x00000036d9000000) (1024K)]
  0x0000020ef302f720 WorkerThread "GC Thread#6"                     [id=36812, stack(0x00000036d9000000,0x00000036d9100000) (1024K)]
  0x0000020eee888a40 WorkerThread "GC Thread#7"                     [id=50032, stack(0x00000036d9200000,0x00000036d9300000) (1024K)]
Total: 10

Threads with active compile tasks:
C2 CompilerThread0  128155494 15491   !   4       com.google.gson.internal.bind.ReflectiveTypeAdapterFactory$2::write (140 bytes)
Total: 1

VM state: not at safepoint (normal execution)

VM Mutex/Monitor currently owned by a thread: None

Heap address: 0x00000000c0000000, size: 1024 MB, Compressed Oops mode: 32-bit

CDS archive(s) mapped at: [0x0000020eac000000-0x0000020eacba0000-0x0000020eacba0000), size 12189696, SharedBaseAddress: 0x0000020eac000000, ArchiveRelocationMode: 1.
Compressed class space mapped at: 0x0000020ead000000-0x0000020eed000000, reserved size: 1073741824
Narrow klass base: 0x0000020eac000000, Narrow klass shift: 0, Narrow klass range: 0x100000000

GC Precious Log:
 CardTable entry size: 512
 CPUs: 8 total, 8 available
 Memory: 12084M
 Large Page Support: Disabled
 NUMA Support: Disabled
 Compressed Oops: Enabled (32-bit)
 Alignments: Space 512K, Generation 512K, Heap 2M
 Heap Min Capacity: 100M
 Heap Initial Capacity: 100M
 Heap Max Capacity: 1G
 Pre-touch: Disabled
 Parallel Workers: 8

Heap:
 PSYoungGen      total 4096K, used 2250K [0x00000000eab00000, 0x00000000eb000000, 0x0000000100000000)
  eden space 3072K, 50% used [0x00000000eab00000,0x00000000eac82a18,0x00000000eae00000)
  from space 1024K, 68% used [0x00000000eae00000,0x00000000eaeb0000,0x00000000eaf00000)
  to   space 1024K, 0% used [0x00000000eaf00000,0x00000000eaf00000,0x00000000eb000000)
 ParOldGen       total 443392K, used 443099K [0x00000000c0000000, 0x00000000db100000, 0x00000000eab00000)
  object space 443392K, 99% used [0x00000000c0000000,0x00000000db0b6f50,0x00000000db100000)
 Metaspace       used 78660K, committed 80448K, reserved 1179648K
  class space    used 7991K, committed 8704K, reserved 1048576K

Card table byte_map: [0x0000020e96d60000,0x0000020e96f70000] _byte_map_base: 0x0000020e96760000

Marking Bits: (ParMarkBitMap*) 0x00007ffd97b13260
 Begin Bits: [0x0000020ea95b0000, 0x0000020eaa5b0000)
 End Bits:   [0x0000020eaa5b0000, 0x0000020eab5b0000)

Polling page: 0x0000020e95160000

Metaspace:

Usage:
  Non-class:     69.01 MB used.
      Class:      7.80 MB used.
       Both:     76.82 MB used.

Virtual space:
  Non-class space:      128.00 MB reserved,      70.06 MB ( 55%) committed,  2 nodes.
      Class space:        1.00 GB reserved,       8.50 MB ( <1%) committed,  1 nodes.
             Both:        1.12 GB reserved,      78.56 MB (  7%) committed. 

Chunk freelists:
   Non-Class:  9.79 MB
       Class:  7.39 MB
        Both:  17.18 MB

MaxMetaspaceSize: unlimited
CompressedClassSpaceSize: 1.00 GB
Initial GC threshold: 21.00 MB
Current GC threshold: 117.12 MB
CDS: on
 - commit_granule_bytes: 65536.
 - commit_granule_words: 8192.
 - virtual_space_node_default_size: 8388608.
 - enlarge_chunks_in_place: 1.
 - use_allocation_guard: 0.


Internal statistics:

num_allocs_failed_limit: 9.
num_arena_births: 1474.
num_arena_deaths: 14.
num_vsnodes_births: 3.
num_vsnodes_deaths: 0.
num_space_committed: 1257.
num_space_uncommitted: 0.
num_chunks_returned_to_freelist: 23.
num_chunks_taken_from_freelist: 5179.
num_chunk_merges: 13.
num_chunk_splits: 3103.
num_chunks_enlarged: 1705.
num_inconsistent_stats: 0.

CodeHeap 'non-profiled nmethods': size=120000Kb used=13566Kb max_used=13566Kb free=106433Kb
 bounds [0x0000020ea2080000, 0x0000020ea2dc0000, 0x0000020ea95b0000]
CodeHeap 'profiled nmethods': size=120000Kb used=32754Kb max_used=32754Kb free=87245Kb
 bounds [0x0000020e9a5b0000, 0x0000020e9c5b0000, 0x0000020ea1ae0000]
CodeHeap 'non-nmethods': size=5760Kb used=1520Kb max_used=1685Kb free=4240Kb
 bounds [0x0000020ea1ae0000, 0x0000020ea1d50000, 0x0000020ea2080000]
 total_blobs=14631 nmethods=13792 adapters=742
 compilation: enabled
              stopped_count=0, restarted_count=0
 full_count=0

Compilation events (20 events):
Event: 128153.952 Thread 0x0000020eee260060 nmethod 15489 0x0000020e9c5a9f90 code [0x0000020e9c5aa160, 0x0000020e9c5aa3e8]
Event: 128153.952 Thread 0x0000020eee260060 15488       1       org.eclipse.jdt.core.SourceRange::getLength (5 bytes)
Event: 128153.952 Thread 0x0000020eee260060 nmethod 15488 0x0000020ea2dbef90 code [0x0000020ea2dbf120, 0x0000020ea2dbf1e8]
Event: 128153.952 Thread 0x0000020eee260060 15490       1       org.eclipse.jdt.internal.core.SourceMethod::getParameterTypes (5 bytes)
Event: 128153.952 Thread 0x0000020eee260060 nmethod 15490 0x0000020ea2dbf290 code [0x0000020ea2dbf420, 0x0000020ea2dbf4e8]
Event: 128153.954 Thread 0x0000020eab791f10 15491   !   4       com.google.gson.internal.bind.ReflectiveTypeAdapterFactory$2::write (140 bytes)
Event: 128155.021 Thread 0x0000020eee260060 15493       1       org.eclipse.core.internal.localstore.FileSystemResourceManager::getWorkspace (5 bytes)
Event: 128155.021 Thread 0x0000020eee260060 nmethod 15493 0x0000020ea2dbf590 code [0x0000020ea2dbf720, 0x0000020ea2dbf7e8]
Event: 128155.028 Thread 0x0000020eee260060 15495       3       org.eclipse.jdt.core.dom.Modifier::isStatic (11 bytes)
Event: 128155.028 Thread 0x0000020eee260060 nmethod 15495 0x0000020e9c5aa510 code [0x0000020e9c5aa6c0, 0x0000020e9c5aa810]
Event: 128155.030 Thread 0x0000020eee260060 15496       3       org.eclipse.jdt.core.dom.Modifier::isPublic (10 bytes)
Event: 128155.031 Thread 0x0000020eee260060 nmethod 15496 0x0000020e9c5aa890 code [0x0000020e9c5aaa40, 0x0000020e9c5aab90]
Event: 128155.031 Thread 0x0000020eee260060 15497       3       org.eclipse.jdt.ls.core.internal.semantictokens.TokenModifier::checkGeneric (86 bytes)
Event: 128155.033 Thread 0x0000020eee260060 nmethod 15497 0x0000020e9c5aac10 code [0x0000020e9c5aaea0, 0x0000020e9c5abcd0]
Event: 128155.034 Thread 0x0000020eee260060 15500       3       org.eclipse.jdt.ls.core.internal.semantictokens.SemanticTokensVisitor::addToken (15 bytes)
Event: 128155.035 Thread 0x0000020eee260060 nmethod 15500 0x0000020e9c5ac010 code [0x0000020e9c5ac1c0, 0x0000020e9c5ac350]
Event: 128155.035 Thread 0x0000020eee260060 15498       3       org.eclipse.jdt.core.dom.Modifier::isProtected (10 bytes)
Event: 128155.035 Thread 0x0000020eee260060 nmethod 15498 0x0000020e9c5ac490 code [0x0000020e9c5ac640, 0x0000020e9c5ac790]
Event: 128155.035 Thread 0x0000020eee260060 15499       3       org.eclipse.jdt.core.dom.Modifier::isPrivate (10 bytes)
Event: 128155.035 Thread 0x0000020eee260060 nmethod 15499 0x0000020e9c5ac810 code [0x0000020e9c5ac9c0, 0x0000020e9c5acb10]

GC Heap History (20 events):
Event: 41318.337 GC heap before
{Heap before GC invocations=1537 (full 4):
 PSYoungGen      total 4096K, used 3456K [0x00000000eab00000, 0x00000000eaf80000, 0x0000000100000000)
  eden space 3072K, 100% used [0x00000000eab00000,0x00000000eae00000,0x00000000eae00000)
  from space 1024K, 37% used [0x00000000eae00000,0x00000000eae60000,0x00000000eaf00000)
  to   space 512K, 0% used [0x00000000eaf00000,0x00000000eaf00000,0x00000000eaf80000)
 ParOldGen       total 439808K, used 439642K [0x00000000c0000000, 0x00000000dad80000, 0x00000000eab00000)
  object space 439808K, 99% used [0x00000000c0000000,0x00000000dad56af0,0x00000000dad80000)
 Metaspace       used 78436K, committed 80192K, reserved 1179648K
  class space    used 7975K, committed 8704K, reserved 1048576K
}
Event: 41318.339 GC heap after
{Heap after GC invocations=1537 (full 4):
 PSYoungGen      total 3584K, used 352K [0x00000000eab00000, 0x00000000eaf80000, 0x0000000100000000)
  eden space 3072K, 0% used [0x00000000eab00000,0x00000000eab00000,0x00000000eae00000)
  from space 512K, 68% used [0x00000000eaf00000,0x00000000eaf58000,0x00000000eaf80000)
  to   space 512K, 0% used [0x00000000eae80000,0x00000000eae80000,0x00000000eaf00000)
 ParOldGen       total 440320K, used 439914K [0x00000000c0000000, 0x00000000dae00000, 0x00000000eab00000)
  object space 440320K, 99% used [0x00000000c0000000,0x00000000dad9aaf0,0x00000000dae00000)
 Metaspace       used 78436K, committed 80192K, reserved 1179648K
  class space    used 7975K, committed 8704K, reserved 1048576K
}
Event: 42219.205 GC heap before
{Heap before GC invocations=1538 (full 4):
 PSYoungGen      total 3584K, used 3424K [0x00000000eab00000, 0x00000000eaf80000, 0x0000000100000000)
  eden space 3072K, 100% used [0x00000000eab00000,0x00000000eae00000,0x00000000eae00000)
  from space 512K, 68% used [0x00000000eaf00000,0x00000000eaf58000,0x00000000eaf80000)
  to   space 512K, 0% used [0x00000000eae80000,0x00000000eae80000,0x00000000eaf00000)
 ParOldGen       total 440320K, used 439914K [0x00000000c0000000, 0x00000000dae00000, 0x00000000eab00000)
  object space 440320K, 99% used [0x00000000c0000000,0x00000000dad9aaf0,0x00000000dae00000)
 Metaspace       used 78473K, committed 80192K, reserved 1179648K
  class space    used 7976K, committed 8704K, reserved 1048576K
}
Event: 42219.211 GC heap after
{Heap after GC invocations=1538 (full 4):
 PSYoungGen      total 3584K, used 512K [0x00000000eab00000, 0x00000000eb000000, 0x0000000100000000)
  eden space 3072K, 0% used [0x00000000eab00000,0x00000000eab00000,0x00000000eae00000)
  from space 512K, 100% used [0x00000000eae80000,0x00000000eaf00000,0x00000000eaf00000)
  to   space 1024K, 0% used [0x00000000eaf00000,0x00000000eaf00000,0x00000000eb000000)
 ParOldGen       total 440320K, used 440206K [0x00000000c0000000, 0x00000000dae00000, 0x00000000eab00000)
  object space 440320K, 99% used [0x00000000c0000000,0x00000000dade3b30,0x00000000dae00000)
 Metaspace       used 78473K, committed 80192K, reserved 1179648K
  class space    used 7976K, committed 8704K, reserved 1048576K
}
Event: 42219.231 GC heap before
{Heap before GC invocations=1539 (full 4):
 PSYoungGen      total 3584K, used 3584K [0x00000000eab00000, 0x00000000eb000000, 0x0000000100000000)
  eden space 3072K, 100% used [0x00000000eab00000,0x00000000eae00000,0x00000000eae00000)
  from space 512K, 100% used [0x00000000eae80000,0x00000000eaf00000,0x00000000eaf00000)
  to   space 1024K, 0% used [0x00000000eaf00000,0x00000000eaf00000,0x00000000eb000000)
 ParOldGen       total 440320K, used 440206K [0x00000000c0000000, 0x00000000dae00000, 0x00000000eab00000)
  object space 440320K, 99% used [0x00000000c0000000,0x00000000dade3b30,0x00000000dae00000)
 Metaspace       used 78474K, committed 80192K, reserved 1179648K
  class space    used 7976K, committed 8704K, reserved 1048576K
}
Event: 42219.234 GC heap after
{Heap after GC invocations=1539 (full 4):
 PSYoungGen      total 4096K, used 634K [0x00000000eab00000, 0x00000000eb000000, 0x0000000100000000)
  eden space 3072K, 0% used [0x00000000eab00000,0x00000000eab00000,0x00000000eae00000)
  from space 1024K, 61% used [0x00000000eaf00000,0x00000000eaf9e920,0x00000000eb000000)
  to   space 1024K, 0% used [0x00000000eae00000,0x00000000eae00000,0x00000000eaf00000)
 ParOldGen       total 440832K, used 440643K [0x00000000c0000000, 0x00000000dae80000, 0x00000000eab00000)
  object space 440832K, 99% used [0x00000000c0000000,0x00000000dae50dc0,0x00000000dae80000)
 Metaspace       used 78474K, committed 80192K, reserved 1179648K
  class space    used 7976K, committed 8704K, reserved 1048576K
}
Event: 42219.247 GC heap before
{Heap before GC invocations=1540 (full 4):
 PSYoungGen      total 4096K, used 3706K [0x00000000eab00000, 0x00000000eb000000, 0x0000000100000000)
  eden space 3072K, 99% used [0x00000000eab00000,0x00000000eadffff8,0x00000000eae00000)
  from space 1024K, 61% used [0x00000000eaf00000,0x00000000eaf9e920,0x00000000eb000000)
  to   space 1024K, 0% used [0x00000000eae00000,0x00000000eae00000,0x00000000eaf00000)
 ParOldGen       total 440832K, used 440643K [0x00000000c0000000, 0x00000000dae80000, 0x00000000eab00000)
  object space 440832K, 99% used [0x00000000c0000000,0x00000000dae50dc0,0x00000000dae80000)
 Metaspace       used 78474K, committed 80192K, reserved 1179648K
  class space    used 7976K, committed 8704K, reserved 1048576K
}
Event: 42219.249 GC heap after
{Heap after GC invocations=1540 (full 4):
 PSYoungGen      total 4096K, used 384K [0x00000000eab00000, 0x00000000eaf80000, 0x0000000100000000)
  eden space 3072K, 0% used [0x00000000eab00000,0x00000000eab00000,0x00000000eae00000)
  from space 1024K, 37% used [0x00000000eae00000,0x00000000eae60000,0x00000000eaf00000)
  to   space 512K, 0% used [0x00000000eaf00000,0x00000000eaf00000,0x00000000eaf80000)
 ParOldGen       total 441344K, used 441141K [0x00000000c0000000, 0x00000000daf00000, 0x00000000eab00000)
  object space 441344K, 99% used [0x00000000c0000000,0x00000000daecd648,0x00000000daf00000)
 Metaspace       used 78474K, committed 80192K, reserved 1179648K
  class space    used 7976K, committed 8704K, reserved 1048576K
}
Event: 42219.268 GC heap before
{Heap before GC invocations=1541 (full 4):
 PSYoungGen      total 4096K, used 3456K [0x00000000eab00000, 0x00000000eaf80000, 0x0000000100000000)
  eden space 3072K, 100% used [0x00000000eab00000,0x00000000eae00000,0x00000000eae00000)
  from space 1024K, 37% used [0x00000000eae00000,0x00000000eae60000,0x00000000eaf00000)
  to   space 512K, 0% used [0x00000000eaf00000,0x00000000eaf00000,0x00000000eaf80000)
 ParOldGen       total 441344K, used 441141K [0x00000000c0000000, 0x00000000daf00000, 0x00000000eab00000)
  object space 441344K, 99% used [0x00000000c0000000,0x00000000daecd648,0x00000000daf00000)
 Metaspace       used 78480K, committed 80192K, reserved 1179648K
  class space    used 7976K, committed 8704K, reserved 1048576K
}
Event: 42219.270 GC heap after
{Heap after GC invocations=1541 (full 4):
 PSYoungGen      total 3584K, used 352K [0x00000000eab00000, 0x00000000eaf80000, 0x0000000100000000)
  eden space 3072K, 0% used [0x00000000eab00000,0x00000000eab00000,0x00000000eae00000)
  from space 512K, 68% used [0x00000000eaf00000,0x00000000eaf58000,0x00000000eaf80000)
  to   space 512K, 0% used [0x00000000eae80000,0x00000000eae80000,0x00000000eaf00000)
 ParOldGen       total 441856K, used 441429K [0x00000000c0000000, 0x00000000daf80000, 0x00000000eab00000)
  object space 441856K, 99% used [0x00000000c0000000,0x00000000daf15648,0x00000000daf80000)
 Metaspace       used 78480K, committed 80192K, reserved 1179648K
  class space    used 7976K, committed 8704K, reserved 1048576K
}
Event: 128153.033 GC heap before
{Heap before GC invocations=1542 (full 4):
 PSYoungGen      total 3584K, used 3424K [0x00000000eab00000, 0x00000000eaf80000, 0x0000000100000000)
  eden space 3072K, 100% used [0x00000000eab00000,0x00000000eae00000,0x00000000eae00000)
  from space 512K, 68% used [0x00000000eaf00000,0x00000000eaf58000,0x00000000eaf80000)
  to   space 512K, 0% used [0x00000000eae80000,0x00000000eae80000,0x00000000eaf00000)
 ParOldGen       total 441856K, used 441429K [0x00000000c0000000, 0x00000000daf80000, 0x00000000eab00000)
  object space 441856K, 99% used [0x00000000c0000000,0x00000000daf15648,0x00000000daf80000)
 Metaspace       used 78535K, committed 80320K, reserved 1179648K
  class space    used 7976K, committed 8704K, reserved 1048576K
}
Event: 128153.158 GC heap after
{Heap after GC invocations=1542 (full 4):
 PSYoungGen      total 3584K, used 512K [0x00000000eab00000, 0x00000000eb000000, 0x0000000100000000)
  eden space 3072K, 0% used [0x00000000eab00000,0x00000000eab00000,0x00000000eae00000)
  from space 512K, 100% used [0x00000000eae80000,0x00000000eaf00000,0x00000000eaf00000)
  to   space 1024K, 0% used [0x00000000eaf00000,0x00000000eaf00000,0x00000000eb000000)
 ParOldGen       total 441856K, used 441709K [0x00000000c0000000, 0x00000000daf80000, 0x00000000eab00000)
  object space 441856K, 99% used [0x00000000c0000000,0x00000000daf5b698,0x00000000daf80000)
 Metaspace       used 78535K, committed 80320K, reserved 1179648K
  class space    used 7976K, committed 8704K, reserved 1048576K
}
Event: 128153.484 GC heap before
{Heap before GC invocations=1543 (full 4):
 PSYoungGen      total 3584K, used 3584K [0x00000000eab00000, 0x00000000eb000000, 0x0000000100000000)
  eden space 3072K, 100% used [0x00000000eab00000,0x00000000eae00000,0x00000000eae00000)
  from space 512K, 100% used [0x00000000eae80000,0x00000000eaf00000,0x00000000eaf00000)
  to   space 1024K, 0% used [0x00000000eaf00000,0x00000000eaf00000,0x00000000eb000000)
 ParOldGen       total 441856K, used 441709K [0x00000000c0000000, 0x00000000daf80000, 0x00000000eab00000)
  object space 441856K, 99% used [0x00000000c0000000,0x00000000daf5b698,0x00000000daf80000)
 Metaspace       used 78586K, committed 80384K, reserved 1179648K
  class space    used 7985K, committed 8704K, reserved 1048576K
}
Event: 128153.489 GC heap after
{Heap after GC invocations=1543 (full 4):
 PSYoungGen      total 4096K, used 586K [0x00000000eab00000, 0x00000000eb000000, 0x0000000100000000)
  eden space 3072K, 0% used [0x00000000eab00000,0x00000000eab00000,0x00000000eae00000)
  from space 1024K, 57% used [0x00000000eaf00000,0x00000000eaf92930,0x00000000eb000000)
  to   space 1024K, 0% used [0x00000000eae00000,0x00000000eae00000,0x00000000eaf00000)
 ParOldGen       total 442368K, used 442129K [0x00000000c0000000, 0x00000000db000000, 0x00000000eab00000)
  object space 442368K, 99% used [0x00000000c0000000,0x00000000dafc46a8,0x00000000db000000)
 Metaspace       used 78586K, committed 80384K, reserved 1179648K
  class space    used 7985K, committed 8704K, reserved 1048576K
}
Event: 128153.531 GC heap before
{Heap before GC invocations=1544 (full 4):
 PSYoungGen      total 4096K, used 3658K [0x00000000eab00000, 0x00000000eb000000, 0x0000000100000000)
  eden space 3072K, 100% used [0x00000000eab00000,0x00000000eae00000,0x00000000eae00000)
  from space 1024K, 57% used [0x00000000eaf00000,0x00000000eaf92930,0x00000000eb000000)
  to   space 1024K, 0% used [0x00000000eae00000,0x00000000eae00000,0x00000000eaf00000)
 ParOldGen       total 442368K, used 442129K [0x00000000c0000000, 0x00000000db000000, 0x00000000eab00000)
  object space 442368K, 99% used [0x00000000c0000000,0x00000000dafc46a8,0x00000000db000000)
 Metaspace       used 78595K, committed 80384K, reserved 1179648K
  class space    used 7988K, committed 8704K, reserved 1048576K
}
Event: 128153.539 GC heap after
{Heap after GC invocations=1544 (full 4):
 PSYoungGen      total 4096K, used 288K [0x00000000eab00000, 0x00000000eaf80000, 0x0000000100000000)
  eden space 3072K, 0% used [0x00000000eab00000,0x00000000eab00000,0x00000000eae00000)
  from space 1024K, 28% used [0x00000000eae00000,0x00000000eae48000,0x00000000eaf00000)
  to   space 512K, 0% used [0x00000000eaf00000,0x00000000eaf00000,0x00000000eaf80000)
 ParOldGen       total 442880K, used 442587K [0x00000000c0000000, 0x00000000db080000, 0x00000000eab00000)
  object space 442880K, 99% used [0x00000000c0000000,0x00000000db036f30,0x00000000db080000)
 Metaspace       used 78595K, committed 80384K, reserved 1179648K
  class space    used 7988K, committed 8704K, reserved 1048576K
}
Event: 128153.589 GC heap before
{Heap before GC invocations=1545 (full 4):
 PSYoungGen      total 4096K, used 3360K [0x00000000eab00000, 0x00000000eaf80000, 0x0000000100000000)
  eden space 3072K, 100% used [0x00000000eab00000,0x00000000eae00000,0x00000000eae00000)
  from space 1024K, 28% used [0x00000000eae00000,0x00000000eae48000,0x00000000eaf00000)
  to   space 512K, 0% used [0x00000000eaf00000,0x00000000eaf00000,0x00000000eaf80000)
 ParOldGen       total 442880K, used 442587K [0x00000000c0000000, 0x00000000db080000, 0x00000000eab00000)
  object space 442880K, 99% used [0x00000000c0000000,0x00000000db036f30,0x00000000db080000)
 Metaspace       used 78595K, committed 80384K, reserved 1179648K
  class space    used 7988K, committed 8704K, reserved 1048576K
}
Event: 128153.591 GC heap after
{Heap after GC invocations=1545 (full 4):
 PSYoungGen      total 3584K, used 480K [0x00000000eab00000, 0x00000000eb000000, 0x0000000100000000)
  eden space 3072K, 0% used [0x00000000eab00000,0x00000000eab00000,0x00000000eae00000)
  from space 512K, 93% used [0x00000000eaf00000,0x00000000eaf78000,0x00000000eaf80000)
  to   space 1024K, 0% used [0x00000000eae00000,0x00000000eae00000,0x00000000eaf00000)
 ParOldGen       total 442880K, used 442795K [0x00000000c0000000, 0x00000000db080000, 0x00000000eab00000)
  object space 442880K, 99% used [0x00000000c0000000,0x00000000db06af30,0x00000000db080000)
 Metaspace       used 78595K, committed 80384K, reserved 1179648K
  class space    used 7988K, committed 8704K, reserved 1048576K
}
Event: 128153.728 GC heap before
{Heap before GC invocations=1546 (full 4):
 PSYoungGen      total 3584K, used 3552K [0x00000000eab00000, 0x00000000eb000000, 0x0000000100000000)
  eden space 3072K, 100% used [0x00000000eab00000,0x00000000eae00000,0x00000000eae00000)
  from space 512K, 93% used [0x00000000eaf00000,0x00000000eaf78000,0x00000000eaf80000)
  to   space 1024K, 0% used [0x00000000eae00000,0x00000000eae00000,0x00000000eaf00000)
 ParOldGen       total 442880K, used 442795K [0x00000000c0000000, 0x00000000db080000, 0x00000000eab00000)
  object space 442880K, 99% used [0x00000000c0000000,0x00000000db06af30,0x00000000db080000)
 Metaspace       used 78651K, committed 80448K, reserved 1179648K
  class space    used 7991K, committed 8704K, reserved 1048576K
}
Event: 128153.732 GC heap after
{Heap after GC invocations=1546 (full 4):
 PSYoungGen      total 4096K, used 704K [0x00000000eab00000, 0x00000000eb000000, 0x0000000100000000)
  eden space 3072K, 0% used [0x00000000eab00000,0x00000000eab00000,0x00000000eae00000)
  from space 1024K, 68% used [0x00000000eae00000,0x00000000eaeb0000,0x00000000eaf00000)
  to   space 1024K, 0% used [0x00000000eaf00000,0x00000000eaf00000,0x00000000eb000000)
 ParOldGen       total 443392K, used 443099K [0x00000000c0000000, 0x00000000db100000, 0x00000000eab00000)
  object space 443392K, 99% used [0x00000000c0000000,0x00000000db0b6f50,0x00000000db100000)
 Metaspace       used 78651K, committed 80448K, reserved 1179648K
  class space    used 7991K, committed 8704K, reserved 1048576K
}

Dll operation events (12 events):
Event: 0.048 Loaded shared library c:\Users\danie\.vscode\extensions\redhat.java-1.41.1-win32-x64\jre\21.0.6-win32-x86_64\bin\java.dll
Event: 0.107 Loaded shared library c:\Users\danie\.vscode\extensions\redhat.java-1.41.1-win32-x64\jre\21.0.6-win32-x86_64\bin\zip.dll
Event: 0.314 Loaded shared library C:\Users\danie\.vscode\extensions\redhat.java-1.41.1-win32-x64\jre\21.0.6-win32-x86_64\bin\instrument.dll
Event: 0.333 Loaded shared library C:\Users\danie\.vscode\extensions\redhat.java-1.41.1-win32-x64\jre\21.0.6-win32-x86_64\bin\net.dll
Event: 0.341 Loaded shared library C:\Users\danie\.vscode\extensions\redhat.java-1.41.1-win32-x64\jre\21.0.6-win32-x86_64\bin\nio.dll
Event: 0.349 Loaded shared library C:\Users\danie\.vscode\extensions\redhat.java-1.41.1-win32-x64\jre\21.0.6-win32-x86_64\bin\zip.dll
Event: 0.393 Loaded shared library C:\Users\danie\.vscode\extensions\redhat.java-1.41.1-win32-x64\jre\21.0.6-win32-x86_64\bin\jimage.dll
Event: 0.698 Loaded shared library c:\Users\danie\.vscode\extensions\redhat.java-1.41.1-win32-x64\jre\21.0.6-win32-x86_64\bin\verify.dll
Event: 6.791 Loaded shared library C:\Users\danie\AppData\Roaming\Code\User\globalStorage\redhat.java\1.41.1\config_win\org.eclipse.equinox.launcher\org.eclipse.equinox.launcher.win32.win32.x86_64_1.2.1300.v20250331-1702\eclipse_11911.dll
Event: 11.803 Loaded shared library C:\Users\danie\AppData\Local\Temp\jna-95350893\jna7471796317645595471.dll
Event: 16.812 Loaded shared library C:\Users\danie\.vscode\extensions\redhat.java-1.41.1-win32-x64\jre\21.0.6-win32-x86_64\bin\sunmscapi.dll
Event: 17.817 Loaded shared library C:\Users\danie\.vscode\extensions\redhat.java-1.41.1-win32-x64\jre\21.0.6-win32-x86_64\bin\extnet.dll

Deoptimization events (20 events):
Event: 2633.449 Thread 0x0000020ef5fcb270 DEOPT PACKING pc=0x0000020ea295a6f8 sp=0x00000036d79fe6b0
Event: 2633.449 Thread 0x0000020ef5fcb270 DEOPT UNPACKING pc=0x0000020ea1b33aa2 sp=0x00000036d79fe640 mode 2
Event: 2633.485 Thread 0x0000020ef5fcb270 Uncommon trap: trap_request=0xffffffbe fr.pc=0x0000020ea2d53718 relative=0x0000000000000598
Event: 2633.485 Thread 0x0000020ef5fcb270 Uncommon trap: reason=profile_predicate action=maybe_recompile pc=0x0000020ea2d53718 method=org.eclipse.jdt.internal.compiler.parser.Scanner.checkTaskTag(II)V @ 539 c2
Event: 2633.485 Thread 0x0000020ef5fcb270 DEOPT PACKING pc=0x0000020ea2d53718 sp=0x00000036d79fd1f0
Event: 2633.485 Thread 0x0000020ef5fcb270 DEOPT UNPACKING pc=0x0000020ea1b33aa2 sp=0x00000036d79fd150 mode 2
Event: 2633.486 Thread 0x0000020ef5fcb270 Uncommon trap: trap_request=0xffffffbe fr.pc=0x0000020ea2d53718 relative=0x0000000000000598
Event: 2633.486 Thread 0x0000020ef5fcb270 Uncommon trap: reason=profile_predicate action=maybe_recompile pc=0x0000020ea2d53718 method=org.eclipse.jdt.internal.compiler.parser.Scanner.checkTaskTag(II)V @ 539 c2
Event: 2633.486 Thread 0x0000020ef5fcb270 DEOPT PACKING pc=0x0000020ea2d53718 sp=0x00000036d79fd1f0
Event: 2633.486 Thread 0x0000020ef5fcb270 DEOPT UNPACKING pc=0x0000020ea1b33aa2 sp=0x00000036d79fd150 mode 2
Event: 2633.505 Thread 0x0000020ef5fcb270 DEOPT PACKING pc=0x0000020e9a6f6c58 sp=0x00000036d79fda40
Event: 2633.505 Thread 0x0000020ef5fcb270 DEOPT UNPACKING pc=0x0000020ea1b34242 sp=0x00000036d79fcf28 mode 0
Event: 41318.429 Thread 0x0000020ef5fca550 Uncommon trap: trap_request=0xffffffde fr.pc=0x0000020ea2ac431c relative=0x000000000000007c
Event: 41318.429 Thread 0x0000020ef5fca550 Uncommon trap: reason=class_check action=maybe_recompile pc=0x0000020ea2ac431c method=java.util.LinkedHashMap.afterNodeInsertion(Z)V @ 15 c2
Event: 41318.429 Thread 0x0000020ef5fca550 DEOPT PACKING pc=0x0000020ea2ac431c sp=0x00000036d7afedb0
Event: 41318.429 Thread 0x0000020ef5fca550 DEOPT UNPACKING pc=0x0000020ea1b33aa2 sp=0x00000036d7afed28 mode 2
Event: 128153.518 Thread 0x0000020ef5fca550 Uncommon trap: trap_request=0xffffff6e fr.pc=0x0000020ea2da38cc relative=0x00000000000002ec
Event: 128153.519 Thread 0x0000020ef5fca550 Uncommon trap: reason=loop_limit_check action=maybe_recompile pc=0x0000020ea2da38cc method=org.eclipse.jdt.internal.compiler.lookup.BinaryTypeBinding.createMethods([Lorg/eclipse/jdt/internal/compiler/env/IBinaryMethod;Lorg/eclipse/jdt/internal/compiler/en
Event: 128153.519 Thread 0x0000020ef5fca550 DEOPT PACKING pc=0x0000020ea2da38cc sp=0x00000036d7afd990
Event: 128153.520 Thread 0x0000020ef5fca550 DEOPT UNPACKING pc=0x0000020ea1b33aa2 sp=0x00000036d7afd938 mode 2

Classes loaded (20 events):
Event: 324.215 Loading class java/util/function/LongFunction
Event: 324.215 Loading class java/util/function/LongFunction done
Event: 324.215 Loading class java/util/stream/Nodes$ConcNode
Event: 324.215 Loading class java/util/stream/Nodes$AbstractConcNode
Event: 324.216 Loading class java/util/stream/Nodes$AbstractConcNode done
Event: 324.216 Loading class java/util/stream/Nodes$ConcNode done
Event: 324.221 Loading class java/io/ObjectOutputStream$BlockDataOutputStream
Event: 324.221 Loading class java/io/ObjectOutputStream$BlockDataOutputStream done
Event: 324.221 Loading class java/io/ObjectOutputStream$HandleTable
Event: 324.222 Loading class java/io/ObjectOutputStream$HandleTable done
Event: 324.222 Loading class java/io/ObjectOutputStream$ReplaceTable
Event: 324.222 Loading class java/io/ObjectOutputStream$ReplaceTable done
Event: 2586.629 Loading class java/util/concurrent/ConcurrentHashMap$TreeNode
Event: 2586.630 Loading class java/util/concurrent/ConcurrentHashMap$TreeNode done
Event: 2586.631 Loading class java/util/concurrent/ConcurrentHashMap$TreeBin
Event: 2586.631 Loading class java/util/concurrent/ConcurrentHashMap$TreeBin done
Event: 2586.647 Loading class java/util/stream/ReduceOps$2
Event: 2586.647 Loading class java/util/stream/ReduceOps$2 done
Event: 2586.648 Loading class java/util/stream/ReduceOps$2ReducingSink
Event: 2586.648 Loading class java/util/stream/ReduceOps$2ReducingSink done

Classes unloaded (7 events):
Event: 13.153 Thread 0x0000020eab773160 Unloading class 0x0000020ead19f800 'java/lang/invoke/LambdaForm$MH+0x0000020ead19f800'
Event: 13.153 Thread 0x0000020eab773160 Unloading class 0x0000020ead19f400 'java/lang/invoke/LambdaForm$MH+0x0000020ead19f400'
Event: 13.153 Thread 0x0000020eab773160 Unloading class 0x0000020ead19f000 'java/lang/invoke/LambdaForm$MH+0x0000020ead19f000'
Event: 13.153 Thread 0x0000020eab773160 Unloading class 0x0000020ead19ec00 'java/lang/invoke/LambdaForm$MH+0x0000020ead19ec00'
Event: 13.153 Thread 0x0000020eab773160 Unloading class 0x0000020ead19e800 'java/lang/invoke/LambdaForm$BMH+0x0000020ead19e800'
Event: 13.153 Thread 0x0000020eab773160 Unloading class 0x0000020ead19e400 'java/lang/invoke/LambdaForm$DMH+0x0000020ead19e400'
Event: 13.153 Thread 0x0000020eab773160 Unloading class 0x0000020ead19d400 'java/lang/invoke/LambdaForm$DMH+0x0000020ead19d400'

Classes redefined (0 events):
No events

Internal exceptions (20 events):
Event: 85.312 Thread 0x0000020ef5fc4bc0 Exception <a 'sun/nio/fs/WindowsException'{0x00000000eae88be8}> (0x00000000eae88be8) 
thrown [s\src\hotspot\share\prims\jni.cpp, line 520]
Event: 85.856 Thread 0x0000020ef5fc4bc0 Exception <a 'sun/nio/fs/WindowsException'{0x00000000eacf14a8}> (0x00000000eacf14a8) 
thrown [s\src\hotspot\share\prims\jni.cpp, line 520]
Event: 85.856 Thread 0x0000020ef5fc4bc0 Exception <a 'sun/nio/fs/WindowsException'{0x00000000eacf1ad8}> (0x00000000eacf1ad8) 
thrown [s\src\hotspot\share\prims\jni.cpp, line 520]
Event: 85.865 Thread 0x0000020ef5fc4bc0 Exception <a 'sun/nio/fs/WindowsException'{0x00000000eacf29b8}> (0x00000000eacf29b8) 
thrown [s\src\hotspot\share\prims\jni.cpp, line 520]
Event: 85.865 Thread 0x0000020ef5fc4bc0 Exception <a 'sun/nio/fs/WindowsException'{0x00000000eacf2fe8}> (0x00000000eacf2fe8) 
thrown [s\src\hotspot\share\prims\jni.cpp, line 520]
Event: 85.868 Thread 0x0000020ef5fc4bc0 Exception <a 'sun/nio/fs/WindowsException'{0x00000000eacf4b18}> (0x00000000eacf4b18) 
thrown [s\src\hotspot\share\prims\jni.cpp, line 520]
Event: 85.869 Thread 0x0000020ef5fc4bc0 Exception <a 'sun/nio/fs/WindowsException'{0x00000000eacf5148}> (0x00000000eacf5148) 
thrown [s\src\hotspot\share\prims\jni.cpp, line 520]
Event: 85.878 Thread 0x0000020ef5fc4bc0 Exception <a 'sun/nio/fs/WindowsException'{0x00000000ead13748}> (0x00000000ead13748) 
thrown [s\src\hotspot\share\prims\jni.cpp, line 520]
Event: 85.878 Thread 0x0000020ef5fc4bc0 Exception <a 'sun/nio/fs/WindowsException'{0x00000000ead14028}> (0x00000000ead14028) 
thrown [s\src\hotspot\share\prims\jni.cpp, line 520]
Event: 86.660 Thread 0x0000020ef5fc4bc0 Exception <a 'java/lang/NoSuchMethodError'{0x00000000ead3abc0}: 'java.lang.Object java.lang.invoke.DirectMethodHandle$Holder.invokeStatic(java.lang.Object, java.lang.Object, int, java.lang.Object)'> (0x00000000ead3abc0) 
thrown [s\src\hotspot\share\interpreter\linkResolver.cpp, line 773]
Event: 324.246 Thread 0x0000020ef37b07c0 Implicit null exception at 0x0000020ea2681dc0 to 0x0000020ea2682dac
Event: 324.247 Thread 0x0000020ef37b07c0 Exception <a 'java/lang/NoSuchMethodError'{0x00000000ead9b6e8}: static [J.<clinit>()V> (0x00000000ead9b6e8) 
thrown [s\src\hotspot\share\prims\jni.cpp, line 1111]
Event: 324.253 Thread 0x0000020ef37b07c0 Exception <a 'java/lang/NoSuchMethodError'{0x00000000eadd5fe8}: 'java.lang.Object java.lang.invoke.DirectMethodHandle$Holder.newInvokeSpecial(java.lang.Object, java.lang.Object, java.lang.Object, java.lang.Object, java.lang.Object, java.lang.Object, java.lang.Object, java.lang.Object)'> (0x00000000eadd5fe8) 
thrown [s\src\hotspot\share\interpreter\linkResolver.cpp, line 773]
Event: 696.432 Thread 0x0000020ef5fc4530 Exception <a 'java/lang/IncompatibleClassChangeError'{0x00000000eab2f9f0}: Found class java.lang.Object, but interface was expected> (0x00000000eab2f9f0) 
thrown [s\src\hotspot\share\interpreter\linkResolver.cpp, line 840]
Event: 700.878 Thread 0x0000020ef5fc4530 Exception <a 'java/lang/IncompatibleClassChangeError'{0x00000000eabfa8a0}: Found class java.lang.Object, but interface was expected> (0x00000000eabfa8a0) 
thrown [s\src\hotspot\share\interpreter\linkResolver.cpp, line 840]
Event: 700.887 Thread 0x0000020ef5fcccb0 Exception <a 'java/lang/NoSuchMethodError'{0x00000000eac40d60}: 'java.lang.Object java.lang.invoke.DirectMethodHandle$Holder.invokeStatic(java.lang.Object, int, int, java.lang.Object)'> (0x00000000eac40d60) 
thrown [s\src\hotspot\share\interpreter\linkResolver.cpp, line 773]
Event: 128153.208 Thread 0x0000020ef5fc4530 Exception <a 'java/lang/IncompatibleClassChangeError'{0x00000000eab33f98}: Found class java.lang.Object, but interface was expected> (0x00000000eab33f98) 
thrown [s\src\hotspot\share\interpreter\linkResolver.cpp, line 840]
Event: 128153.438 Thread 0x0000020ef5fcb270 Exception <a 'java/lang/NoSuchMethodError'{0x00000000ead3be58}: 'java.lang.Object java.lang.invoke.DirectMethodHandle$Holder.newInvokeSpecial(java.lang.Object, java.lang.Object, java.lang.Object, java.lang.Object, int)'> (0x00000000ead3be58) 
thrown [s\src\hotspot\share\interpreter\linkResolver.cpp, line 773]
Event: 128153.450 Thread 0x0000020ef5fcb270 Exception <a 'java/lang/NoSuchMethodError'{0x00000000ead482f8}: 'java.lang.Object java.lang.invoke.DirectMethodHandle$Holder.invokeSpecial(java.lang.Object, java.lang.Object, java.lang.Object, java.lang.Object, java.lang.Object, int)'> (0x00000000ead482f8) 
thrown [s\src\hotspot\share\interpreter\linkResolver.cpp, line 773]
Event: 128153.452 Thread 0x0000020ef5fcb270 Exception <a 'java/lang/NoSuchMethodError'{0x00000000ead503b0}: 'java.lang.Object java.lang.invoke.Invokers$Holder.linkToTargetMethod(java.lang.Object, java.lang.Object, java.lang.Object, int, java.lang.Object)'> (0x00000000ead503b0) 
thrown [s\src\hotspot\share\interpreter\linkResolver.cpp, line 773]

ZGC Phase Switch (0 events):
No events

VM Operations (20 events):
Event: 127435.492 Executing VM operation: RendezvousGCThreads
Event: 127435.492 Executing VM operation: RendezvousGCThreads done
Event: 127796.448 Executing VM operation: HandshakeAllThreads (HandshakeForDeflation)
Event: 127796.448 Executing VM operation: HandshakeAllThreads (HandshakeForDeflation) done
Event: 127796.448 Executing VM operation: RendezvousGCThreads
Event: 127796.448 Executing VM operation: RendezvousGCThreads done
Event: 128097.302 Executing VM operation: HandshakeAllThreads (HandshakeForDeflation)
Event: 128097.302 Executing VM operation: HandshakeAllThreads (HandshakeForDeflation) done
Event: 128097.302 Executing VM operation: RendezvousGCThreads
Event: 128097.302 Executing VM operation: RendezvousGCThreads done
Event: 128153.032 Executing VM operation: ParallelGCFailedAllocation (Allocation Failure)
Event: 128153.158 Executing VM operation: ParallelGCFailedAllocation (Allocation Failure) done
Event: 128153.484 Executing VM operation: ParallelGCFailedAllocation (Allocation Failure)
Event: 128153.489 Executing VM operation: ParallelGCFailedAllocation (Allocation Failure) done
Event: 128153.531 Executing VM operation: ParallelGCFailedAllocation (Allocation Failure)
Event: 128153.539 Executing VM operation: ParallelGCFailedAllocation (Allocation Failure) done
Event: 128153.588 Executing VM operation: ParallelGCFailedAllocation (Allocation Failure)
Event: 128153.591 Executing VM operation: ParallelGCFailedAllocation (Allocation Failure) done
Event: 128153.728 Executing VM operation: ParallelGCFailedAllocation (Allocation Failure)
Event: 128153.732 Executing VM operation: ParallelGCFailedAllocation (Allocation Failure) done

Memory protections (0 events):
No events

Nmethod flushes (20 events):
Event: 76.657 Thread 0x0000020eab773160 flushing  nmethod 0x0000020e9b483a90
Event: 76.657 Thread 0x0000020eab773160 flushing  nmethod 0x0000020e9b48ad90
Event: 76.657 Thread 0x0000020eab773160 flushing  nmethod 0x0000020e9b48c010
Event: 76.657 Thread 0x0000020eab773160 flushing  nmethod 0x0000020e9b491810
Event: 76.657 Thread 0x0000020eab773160 flushing  nmethod 0x0000020e9b495110
Event: 76.657 Thread 0x0000020eab773160 flushing  nmethod 0x0000020e9b49a810
Event: 76.657 Thread 0x0000020eab773160 flushing  nmethod 0x0000020e9b4c2010
Event: 76.657 Thread 0x0000020eab773160 flushing  nmethod 0x0000020e9b4cc110
Event: 76.657 Thread 0x0000020eab773160 flushing  nmethod 0x0000020e9b4d5b10
Event: 76.657 Thread 0x0000020eab773160 flushing  nmethod 0x0000020e9b4f0a90
Event: 76.657 Thread 0x0000020eab773160 flushing  nmethod 0x0000020e9b4ff710
Event: 76.657 Thread 0x0000020eab773160 flushing  nmethod 0x0000020e9b508190
Event: 76.657 Thread 0x0000020eab773160 flushing  nmethod 0x0000020e9b534a90
Event: 76.657 Thread 0x0000020eab773160 flushing  nmethod 0x0000020e9b536710
Event: 76.657 Thread 0x0000020eab773160 flushing  nmethod 0x0000020e9b539990
Event: 76.657 Thread 0x0000020eab773160 flushing  nmethod 0x0000020e9b539e90
Event: 76.657 Thread 0x0000020eab773160 flushing  nmethod 0x0000020e9b591990
Event: 76.657 Thread 0x0000020eab773160 flushing  nmethod 0x0000020e9b598790
Event: 76.657 Thread 0x0000020eab773160 flushing  nmethod 0x0000020e9b599d90
Event: 76.657 Thread 0x0000020eab773160 flushing  nmethod 0x0000020e9b5a0e90

Events (20 events):
Event: 2693.511 Thread 0x0000020ef5fcb270 Thread exited: 0x0000020ef5fcb270
Event: 2753.511 Thread 0x0000020ef5fcccb0 Thread exited: 0x0000020ef5fcccb0
Event: 2813.513 Thread 0x0000020ef5fcd9d0 Thread exited: 0x0000020ef5fcd9d0
Event: 41317.993 Thread 0x0000020ef5fc4530 Thread added: 0x0000020ef5fcb270
Event: 41317.997 Thread 0x0000020ef5fcb270 Thread added: 0x0000020ef5fca550
Event: 41318.308 Thread 0x0000020eee260060 Thread added: 0x0000020e807ee800
Event: 41323.562 Thread 0x0000020e807ee800 Thread exited: 0x0000020e807ee800
Event: 41378.437 Thread 0x0000020ef5fca550 Thread exited: 0x0000020ef5fca550
Event: 41438.449 Thread 0x0000020ef5fcb270 Thread exited: 0x0000020ef5fcb270
Event: 42219.182 Thread 0x0000020ef5fc4530 Thread added: 0x0000020ef5fcb270
Event: 42219.194 Thread 0x0000020ef5fc4530 Thread added: 0x0000020ef5fcccb0
Event: 42219.245 Thread 0x0000020eee260060 Thread added: 0x0000020e807f0340
Event: 42219.317 Thread 0x0000020eee260060 Thread added: 0x0000020e807ee800
Event: 42224.365 Thread 0x0000020e807ee800 Thread exited: 0x0000020e807ee800
Event: 42224.392 Thread 0x0000020e807f0340 Thread exited: 0x0000020e807f0340
Event: 42279.322 Thread 0x0000020ef5fcccb0 Thread exited: 0x0000020ef5fcccb0
Event: 42339.333 Thread 0x0000020ef5fcb270 Thread exited: 0x0000020ef5fcb270
Event: 128152.975 Thread 0x0000020ef5fc4530 Thread added: 0x0000020ef5fcb270
Event: 128152.986 Thread 0x0000020ef5fcb270 Thread added: 0x0000020ef5fca550
Event: 128153.195 Thread 0x0000020ef5fca550 Thread added: 0x0000020ef5fce6f0


Dynamic libraries:
0x00007ff72b850000 - 0x00007ff72b85e000 	c:\Users\danie\.vscode\extensions\redhat.java-1.41.1-win32-x64\jre\21.0.6-win32-x86_64\bin\java.exe
0x00007ffe46fe0000 - 0x00007ffe47240000 	C:\WINDOWS\SYSTEM32\ntdll.dll
0x00007ffe1feb0000 - 0x00007ffe1feca000 	C:\Program Files\Avast Software\Avast\aswhook.dll
0x00007ffe45b90000 - 0x00007ffe45c57000 	C:\WINDOWS\System32\KERNEL32.DLL
0x00007ffe44490000 - 0x00007ffe4485a000 	C:\WINDOWS\System32\KERNELBASE.dll
0x00007ffe3ff50000 - 0x00007ffe3ffec000 	C:\WINDOWS\SYSTEM32\apphelp.dll
0x00007ffe441c0000 - 0x00007ffe4430b000 	C:\WINDOWS\System32\ucrtbase.dll
0x00007ffe272f0000 - 0x00007ffe27308000 	c:\Users\danie\.vscode\extensions\redhat.java-1.41.1-win32-x64\jre\21.0.6-win32-x86_64\bin\jli.dll
0x00007ffe45cb0000 - 0x00007ffe45e7c000 	C:\WINDOWS\System32\USER32.dll
0x00007ffe44460000 - 0x00007ffe44487000 	C:\WINDOWS\System32\win32u.dll
0x00007ffe46ae0000 - 0x00007ffe46b0a000 	C:\WINDOWS\System32\GDI32.dll
0x00007ffe449e0000 - 0x00007ffe44b11000 	C:\WINDOWS\System32\gdi32full.dll
0x00007ffe226b0000 - 0x00007ffe226ce000 	c:\Users\danie\.vscode\extensions\redhat.java-1.41.1-win32-x64\jre\21.0.6-win32-x86_64\bin\VCRUNTIME140.dll
0x00007ffe44310000 - 0x00007ffe443b3000 	C:\WINDOWS\System32\msvcp_win.dll
0x00007ffe1ff40000 - 0x00007ffe201d7000 	C:\WINDOWS\WinSxS\amd64_microsoft.windows.common-controls_6595b64144ccf1df_6.0.26100.3624_none_3e086962e3345f24\COMCTL32.dll
0x00007ffe469c0000 - 0x00007ffe46a69000 	C:\WINDOWS\System32\msvcrt.dll
0x00007ffe45a70000 - 0x00007ffe45a9f000 	C:\WINDOWS\System32\IMM32.DLL
0x00007ffe3ceb0000 - 0x00007ffe3cebc000 	c:\Users\danie\.vscode\extensions\redhat.java-1.41.1-win32-x64\jre\21.0.6-win32-x86_64\bin\vcruntime140_1.dll
0x00007ffdfe6f0000 - 0x00007ffdfe77d000 	c:\Users\danie\.vscode\extensions\redhat.java-1.41.1-win32-x64\jre\21.0.6-win32-x86_64\bin\msvcp140.dll
0x00007ffd96e60000 - 0x00007ffd97bf0000 	c:\Users\danie\.vscode\extensions\redhat.java-1.41.1-win32-x64\jre\21.0.6-win32-x86_64\bin\server\jvm.dll
0x00007ffe45470000 - 0x00007ffe45522000 	C:\WINDOWS\System32\ADVAPI32.dll
0x00007ffe44fb0000 - 0x00007ffe45056000 	C:\WINDOWS\System32\sechost.dll
0x00007ffe44de0000 - 0x00007ffe44ef6000 	C:\WINDOWS\System32\RPCRT4.dll
0x00007ffe45530000 - 0x00007ffe455a4000 	C:\WINDOWS\System32\WS2_32.dll
0x00007ffe42e50000 - 0x00007ffe42eae000 	C:\WINDOWS\SYSTEM32\POWRPROF.dll
0x00007ffe348a0000 - 0x00007ffe348d6000 	C:\WINDOWS\SYSTEM32\WINMM.dll
0x00007ffe40a10000 - 0x00007ffe40a1b000 	C:\WINDOWS\SYSTEM32\VERSION.dll
0x00007ffe42e30000 - 0x00007ffe42e44000 	C:\WINDOWS\SYSTEM32\UMPDC.dll
0x00007ffe430f0000 - 0x00007ffe4310a000 	C:\WINDOWS\SYSTEM32\kernel.appcore.dll
0x00007ffe378f0000 - 0x00007ffe378fa000 	c:\Users\danie\.vscode\extensions\redhat.java-1.41.1-win32-x64\jre\21.0.6-win32-x86_64\bin\jimage.dll
0x00007ffe41910000 - 0x00007ffe41b51000 	C:\WINDOWS\SYSTEM32\DBGHELP.DLL
0x00007ffe45e80000 - 0x00007ffe46202000 	C:\WINDOWS\System32\combase.dll
0x00007ffe45ab0000 - 0x00007ffe45b86000 	C:\WINDOWS\System32\OLEAUT32.dll
0x00007ffe36dd0000 - 0x00007ffe36e09000 	C:\WINDOWS\SYSTEM32\dbgcore.DLL
0x00007ffe443c0000 - 0x00007ffe44459000 	C:\WINDOWS\System32\bcryptPrimitives.dll
0x00007ffe376c0000 - 0x00007ffe376cf000 	c:\Users\danie\.vscode\extensions\redhat.java-1.41.1-win32-x64\jre\21.0.6-win32-x86_64\bin\instrument.dll
0x00007ffe18040000 - 0x00007ffe1805f000 	c:\Users\danie\.vscode\extensions\redhat.java-1.41.1-win32-x64\jre\21.0.6-win32-x86_64\bin\java.dll
0x00007ffe46290000 - 0x00007ffe469b9000 	C:\WINDOWS\System32\SHELL32.dll
0x00007ffe44b20000 - 0x00007ffe44c88000 	C:\WINDOWS\System32\wintypes.dll
0x00007ffe41ec0000 - 0x00007ffe42712000 	C:\WINDOWS\SYSTEM32\windows.storage.dll
0x00007ffe451c0000 - 0x00007ffe452ad000 	C:\WINDOWS\System32\SHCORE.dll
0x00007ffe46210000 - 0x00007ffe46274000 	C:\WINDOWS\System32\shlwapi.dll
0x00007ffe440d0000 - 0x00007ffe440ff000 	C:\WINDOWS\SYSTEM32\profapi.dll
0x00007ffe16d10000 - 0x00007ffe16d28000 	c:\Users\danie\.vscode\extensions\redhat.java-1.41.1-win32-x64\jre\21.0.6-win32-x86_64\bin\zip.dll
0x00007ffe34f00000 - 0x00007ffe34f10000 	C:\Users\danie\.vscode\extensions\redhat.java-1.41.1-win32-x64\jre\21.0.6-win32-x86_64\bin\net.dll
0x00007ffe40f90000 - 0x00007ffe410ad000 	C:\WINDOWS\SYSTEM32\WINHTTP.dll
0x00007ffe43610000 - 0x00007ffe4367a000 	C:\WINDOWS\system32\mswsock.dll
0x00007ffe12fe0000 - 0x00007ffe12ff6000 	C:\Users\danie\.vscode\extensions\redhat.java-1.41.1-win32-x64\jre\21.0.6-win32-x86_64\bin\nio.dll
0x00007ffe32df0000 - 0x00007ffe32e00000 	c:\Users\danie\.vscode\extensions\redhat.java-1.41.1-win32-x64\jre\21.0.6-win32-x86_64\bin\verify.dll
0x00007ffe10950000 - 0x00007ffe10995000 	C:\Users\danie\AppData\Roaming\Code\User\globalStorage\redhat.java\1.41.1\config_win\org.eclipse.equinox.launcher\org.eclipse.equinox.launcher.win32.win32.x86_64_1.2.1300.v20250331-1702\eclipse_11911.dll
0x00007ffe457a0000 - 0x00007ffe45936000 	C:\WINDOWS\System32\ole32.dll
0x00007ffe438c0000 - 0x00007ffe438dc000 	C:\WINDOWS\SYSTEM32\CRYPTSP.dll
0x00007ffe43050000 - 0x00007ffe4308a000 	C:\WINDOWS\system32\rsaenh.dll
0x00007ffe436b0000 - 0x00007ffe436db000 	C:\WINDOWS\SYSTEM32\USERENV.dll
0x00007ffe440a0000 - 0x00007ffe440c6000 	C:\WINDOWS\SYSTEM32\bcrypt.dll
0x00007ffe438b0000 - 0x00007ffe438bc000 	C:\WINDOWS\SYSTEM32\CRYPTBASE.dll
0x00007ffe42a90000 - 0x00007ffe42ac3000 	C:\WINDOWS\SYSTEM32\IPHLPAPI.DLL
0x00007ffe459e0000 - 0x00007ffe459ea000 	C:\WINDOWS\System32\NSI.dll
0x00007ffdff090000 - 0x00007ffdff0d9000 	C:\Users\danie\AppData\Local\Temp\jna-95350893\jna7471796317645595471.dll
0x00007ffe455b0000 - 0x00007ffe455b8000 	C:\WINDOWS\System32\PSAPI.DLL
0x00007ffe3b640000 - 0x00007ffe3b65f000 	C:\WINDOWS\SYSTEM32\dhcpcsvc6.DLL
0x00007ffe3b610000 - 0x00007ffe3b635000 	C:\WINDOWS\SYSTEM32\dhcpcsvc.DLL
0x00007ffe40980000 - 0x00007ffe4098e000 	C:\Users\danie\.vscode\extensions\redhat.java-1.41.1-win32-x64\jre\21.0.6-win32-x86_64\bin\sunmscapi.dll
0x00007ffe44860000 - 0x00007ffe449d7000 	C:\WINDOWS\System32\CRYPT32.dll
0x00007ffe43ab0000 - 0x00007ffe43ae0000 	C:\WINDOWS\SYSTEM32\ncrypt.dll
0x00007ffe43a60000 - 0x00007ffe43a9f000 	C:\WINDOWS\SYSTEM32\NTASN1.dll
0x00007ffe42b20000 - 0x00007ffe42c45000 	C:\WINDOWS\SYSTEM32\DNSAPI.dll
0x00007ffe3b600000 - 0x00007ffe3b60b000 	C:\Windows\System32\rasadhlp.dll
0x00007ffe3b080000 - 0x00007ffe3b105000 	C:\WINDOWS\System32\fwpuclnt.dll
0x00007ffe27210000 - 0x00007ffe27219000 	C:\Users\danie\.vscode\extensions\redhat.java-1.41.1-win32-x64\jre\21.0.6-win32-x86_64\bin\extnet.dll

dbghelp: loaded successfully - version: 4.0.5 - missing functions: none
symbol engine: initialized successfully - sym options: 0x614 - pdb path: .;c:\Users\danie\.vscode\extensions\redhat.java-1.41.1-win32-x64\jre\21.0.6-win32-x86_64\bin;C:\WINDOWS\SYSTEM32;C:\Program Files\Avast Software\Avast;C:\WINDOWS\WinSxS\amd64_microsoft.windows.common-controls_6595b64144ccf1df_6.0.26100.3624_none_3e086962e3345f24;c:\Users\danie\.vscode\extensions\redhat.java-1.41.1-win32-x64\jre\21.0.6-win32-x86_64\bin\server;C:\Users\danie\AppData\Roaming\Code\User\globalStorage\redhat.java\1.41.1\config_win\org.eclipse.equinox.launcher\org.eclipse.equinox.launcher.win32.win32.x86_64_1.2.1300.v20250331-1702;C:\Users\danie\AppData\Local\Temp\jna-95350893

VM Arguments:
jvm_args: --add-modules=ALL-SYSTEM --add-opens=java.base/java.util=ALL-UNNAMED --add-opens=java.base/java.lang=ALL-UNNAMED --add-opens=java.base/sun.nio.fs=ALL-UNNAMED -Declipse.application=org.eclipse.jdt.ls.core.id1 -Dosgi.bundles.defaultStartLevel=4 -Declipse.product=org.eclipse.jdt.ls.core.product -Djava.import.generatesMetadataFilesAtProjectRoot=false -DDetectVMInstallationsJob.disabled=true -Dfile.encoding=utf8 -XX:+UseParallelGC -XX:GCTimeRatio=4 -XX:AdaptiveSizePolicyWeight=90 -Dsun.zip.disableMemoryMapping=true -Xmx1G -Xms100m -Xlog:disable -javaagent:c:\Users\danie\.vscode\extensions\redhat.java-1.41.1-win32-x64\lombok\lombok-1.18.36.jar -XX:+HeapDumpOnOutOfMemoryError -XX:HeapDumpPath=c:\Users\danie\AppData\Roaming\Code\User\workspaceStorage\472f3b52cd0093df5d803690d1787054\redhat.java -Daether.dependencyCollector.impl=bf 
java_command: c:\Users\danie\.vscode\extensions\redhat.java-1.41.1-win32-x64\server\plugins\org.eclipse.equinox.launcher_1.7.0.v20250331-1702.jar -configuration c:\Users\danie\AppData\Roaming\Code\User\globalStorage\redhat.java\1.41.1\config_win -data c:\Users\danie\AppData\Roaming\Code\User\workspaceStorage\472f3b52cd0093df5d803690d1787054\redhat.java\jdt_ws --pipe=\\.\pipe\lsp-53478c0c47ab01ae84edb7ceed8c9e15-sock
java_class_path (initial): c:\Users\danie\.vscode\extensions\redhat.java-1.41.1-win32-x64\server\plugins\org.eclipse.equinox.launcher_1.7.0.v20250331-1702.jar
Launcher Type: SUN_STANDARD

[Global flags]
    uintx AdaptiveSizePolicyWeight                 = 90                                        {product} {command line}
     intx CICompilerCount                          = 4                                         {product} {ergonomic}
    uintx GCTimeRatio                              = 4                                         {product} {command line}
     bool HeapDumpOnOutOfMemoryError               = true                                   {manageable} {command line}
    ccstr HeapDumpPath                             = c:\Users\danie\AppData\Roaming\Code\User\workspaceStorage\472f3b52cd0093df5d803690d1787054\redhat.java         {manageable} {command line}
   size_t InitialHeapSize                          = 104857600                                 {product} {command line}
   size_t MaxHeapSize                              = 1073741824                                {product} {command line}
   size_t MaxNewSize                               = 357564416                                 {product} {ergonomic}
   size_t MinHeapDeltaBytes                        = 524288                                    {product} {ergonomic}
   size_t MinHeapSize                              = 104857600                                 {product} {command line}
   size_t NewSize                                  = 34603008                                  {product} {ergonomic}
    uintx NonNMethodCodeHeapSize                   = 5839372                                {pd product} {ergonomic}
    uintx NonProfiledCodeHeapSize                  = 122909434                              {pd product} {ergonomic}
   size_t OldSize                                  = 70254592                                  {product} {ergonomic}
    uintx ProfiledCodeHeapSize                     = 122909434                              {pd product} {ergonomic}
    uintx ReservedCodeCacheSize                    = 251658240                              {pd product} {ergonomic}
     bool SegmentedCodeCache                       = true                                      {product} {ergonomic}
   size_t SoftMaxHeapSize                          = 1073741824                             {manageable} {ergonomic}
     bool UseCompressedOops                        = true                           {product lp64_product} {ergonomic}
     bool UseLargePagesIndividualAllocation        = false                                  {pd product} {ergonomic}
     bool UseParallelGC                            = true                                      {product} {command line}

Logging:
Log output configuration:
 #0: stdout all=off uptime,level,tags foldmultilines=false
 #1: stderr all=off uptime,level,tags foldmultilines=false

Environment Variables:
PATH=C:\Program Files\Common Files\Oracle\Java\javapath;C:\Program Files (x86)\Common Files\Oracle\Java\java8path;C:\Program Files (x86)\Common Files\Oracle\Java\javapath;C:\WINDOWS\system32;C:\WINDOWS;C:\WINDOWS\System32\Wbem;C:\WINDOWS\System32\WindowsPowerShell\v1.0\;C:\WINDOWS\System32\OpenSSH\;C:\ProgramData\chocolatey\bin;C:\ProgramData\ComposerSetup\bin;C:\Users\danie\AppData\Local\Programs\Python\Python313;C:\Users\danie\AppData\Local\Programs\Python\Python313\Scripts;C:\Program Files\Git\cmd;C:\Program Files\Git\bin;C:\Development Languages\php-8.4.4-Win32-vs17-x64-TS;C:\Development Languages\symfony-cli_windows_386;C:\Program Files\Apache\Maven\bin;C:\Program Files (x86)\Microsoft SQL Server\160\Tools\Binn\;C:\Program Files\Microsoft SQL Server\160\Tools\Binn\;C:\Program Files\Microsoft SQL Server\Client SDK\ODBC\170\Tools\Binn\;C:\Program Files\Microsoft SQL Server\160\DTS\Binn\;C:\Program Files\nodejs\;C:\Users\danie\AppData\Local\Microsoft\WindowsApps;C:\Users\danie\AppData\Local\Programs\Microsoft VS Code\bin;C:\Program Files\JetBrains\IntelliJ IDEA Community Edition 2024.1.4\bin;;C:\Program Files\JetBrains\PyCharm Community Edition 2024.1.4\bin;;C:\Users\danie\AppData\Roaming\Composer\vendor\bin;C:\Users\danie\AppData\Roaming\npm
USERNAME=danie
OS=Windows_NT
PROCESSOR_IDENTIFIER=Intel64 Family 6 Model 142 Stepping 12, GenuineIntel
TMP=C:\Users\danie\AppData\Local\Temp
TEMP=C:\Users\danie\AppData\Local\Temp




Periodic native trim disabled

---------------  S Y S T E M  ---------------

OS:
 Windows 11 , 64 bit Build 26100 (10.0.26100.3775)
OS uptime: 16 days 3:03 hours

CPU: total 8 (initial active 8) (4 cores per cpu, 2 threads per core) family 6 model 142 stepping 12 microcode 0xf0, cx8, cmov, fxsr, ht, mmx, 3dnowpref, sse, sse2, sse3, ssse3, sse4.1, sse4.2, popcnt, lzcnt, tsc, tscinvbit, avx, avx2, aes, erms, clmul, bmi1, bmi2, adx, fma, vzeroupper, clflush, clflushopt, rdtscp, f16c
Processor Information for the first 8 processors :
  Max Mhz: 2304, Current Mhz: 1803, Mhz Limit: 1797

Memory: 4k page, system-wide physical 12084M (522M free)
TotalPageFile size 25668M (AvailPageFile size 0M)
current process WorkingSet (physical memory assigned to process): 140M, peak: 1063M
current process commit charge ("private bytes"): 752M, peak: 964M

vm_info: OpenJDK 64-Bit Server VM (21.0.6+7-LTS) for windows-amd64 JRE (21.0.6+7-LTS), built on 2025-01-21T00:00:00Z by "admin" with MS VC++ 17.7 (VS2022)

END.
